Using pre-set license
Built from '2020.3/staging' branch; Version is '2020.3.9f1 (108be757e447) revision 1084391'; Using compiler version '192528614'; Build Type 'Release'
OS: 'Windows 10 Pro Education; OS build 19044.1620; Version 2009; 64bit' Language: 'pt' Physical Memory: 15741 MB
BatchMode: 1, IsHumanControllingUs: 0, StartBugReporterOnCrash: 0, Is64bit: 1, IsPro: 0

 COMMAND LINE ARGUMENTS:
C:\Program Files\Unity\Hub\Editor\2020.3.9f1\Editor\Unity.exe
-adb2
-batchMode
-noUpm
-name
AssetImportWorker0
-projectPath
C:/Users/Etec/Desktop/Jogo-2D/Jogo2D
-logFile
Logs/AssetImportWorker0.log
-srvPort
61027
Successfully changed project path to: C:/Users/Etec/Desktop/Jogo-2D/Jogo2D
C:/Users/Etec/Desktop/Jogo-2D/Jogo2D
Using Asset Import Pipeline V2.
Refreshing native plugins compatible for Editor in 44.42 ms, found 1 plugins.
Preloading 0 native plugins for Editor in 0.00 ms.
Initialize engine version: 2020.3.9f1 (108be757e447)
[Subsystems] Discovering subsystems at path C:/Program Files/Unity/Hub/Editor/2020.3.9f1/Editor/Data/Resources/UnitySubsystems
[Subsystems] Discovering subsystems at path C:/Users/Etec/Desktop/Jogo-2D/Jogo2D/Assets
GfxDevice: creating device client; threaded=0
Direct3D:
    Version:  Direct3D 11.0 [level 11.1]
    Renderer: AMD Radeon(TM) Graphics (ID=0x1636)
    Vendor:   
    VRAM:     7870 MB
    Driver:   27.20.14540.14002
Initialize mono
Mono path[0] = 'C:/Program Files/Unity/Hub/Editor/2020.3.9f1/Editor/Data/Managed'
Mono path[1] = 'C:/Program Files/Unity/Hub/Editor/2020.3.9f1/Editor/Data/MonoBleedingEdge/lib/mono/unityjit'
Mono config path = 'C:/Program Files/Unity/Hub/Editor/2020.3.9f1/Editor/Data/MonoBleedingEdge/etc'
Using monoOptions --debugger-agent=transport=dt_socket,embedding=1,server=y,suspend=n,address=127.0.0.1:56364
Begin MonoManager ReloadAssembly
Registering precompiled unity dll's ...
Register platform support module: C:/Program Files/Unity/Hub/Editor/2020.3.9f1/Editor/Data/PlaybackEngines/WindowsStandaloneSupport/UnityEditor.WindowsStandalone.Extensions.dll
Registered in 0.001678 seconds.
Native extension for WindowsStandalone target not found
Refreshing native plugins compatible for Editor in 44.56 ms, found 1 plugins.
Preloading 0 native plugins for Editor in 0.00 ms.
Mono: successfully reloaded assembly
- Completed reload, in  1.551 seconds
Platform modules already initialized, skipping
Registering precompiled user dll's ...
Registered in 0.001129 seconds.
Begin MonoManager ReloadAssembly
Native extension for WindowsStandalone target not found
Refreshing native plugins compatible for Editor in 44.06 ms, found 1 plugins.
Preloading 0 native plugins for Editor in 0.00 ms.
Mono: successfully reloaded assembly
- Completed reload, in  0.799 seconds
Platform modules already initialized, skipping
========================================================================
Worker process is ready to serve import requests
Launched and connected shader compiler UnityShaderCompiler.exe after 0.05 seconds
Refreshing native plugins compatible for Editor in 0.53 ms, found 1 plugins.
Preloading 0 native plugins for Editor in 0.00 ms.
Unloading 1988 Unused Serialized files (Serialized files now loaded: 0)
System memory in use before: 93.1 MB.
System memory in use after: 93.0 MB.

Unloading 25 unused Assets to reduce memory usage. Loaded Objects now: 2433.
Total: 2.395200 ms (FindLiveObjects: 0.232100 ms CreateObjectMapping: 0.055500 ms MarkObjects: 1.975600 ms  DeleteObjects: 0.130400 ms)

========================================================================
Received Import Request.
  path: Assets/Scripts/Ui/Cronometro.cs
  artifactKey: Guid(1443a4c941a8eb04880fecfeff9f1000) Importer(815301076,1909f56bfc062723c751e8b465ee728b)
Start importing Assets/Scripts/Ui/Cronometro.cs using Guid(1443a4c941a8eb04880fecfeff9f1000) Importer(815301076,1909f56bfc062723c751e8b465ee728b)  -> (artifact id: '5e4cf22554396ff5682ac4d1c317ba12') in 0.020634 seconds
  Import took 0.023586 seconds .

========================================================================
Received Import Request.
  Time since last request: 3.216547 seconds.
  path: Assets/Scripts/Ui/Mouse.cs
  artifactKey: Guid(d8f47af24105ef2419333a0896047562) Importer(815301076,1909f56bfc062723c751e8b465ee728b)
Start importing Assets/Scripts/Ui/Mouse.cs using Guid(d8f47af24105ef2419333a0896047562) Importer(815301076,1909f56bfc062723c751e8b465ee728b)  -> (artifact id: '5e3c34733172fad7d3047ce861c964f6') in 0.006722 seconds
  Import took 0.009698 seconds .

========================================================================
Received Import Request.
  Time since last request: 16.717353 seconds.
  path: Assets/Scripts/Ui/XpUI.cs
  artifactKey: Guid(20721441bd4149544af4f5d8d5c94a3b) Importer(815301076,1909f56bfc062723c751e8b465ee728b)
Start importing Assets/Scripts/Ui/XpUI.cs using Guid(20721441bd4149544af4f5d8d5c94a3b) Importer(815301076,1909f56bfc062723c751e8b465ee728b)  -> (artifact id: '5d4f009424ee0e0398238e8af58bded2') in 0.007061 seconds
  Import took 0.011481 seconds .

========================================================================
Received Import Request.
  Time since last request: 0.000753 seconds.
  path: Assets/Scripts/Ui/XpUI.cs
  artifactKey: Guid(20721441bd4149544af4f5d8d5c94a3b) Importer(815301076,1909f56bfc062723c751e8b465ee728b)
Start importing Assets/Scripts/Ui/XpUI.cs using Guid(20721441bd4149544af4f5d8d5c94a3b) Importer(815301076,1909f56bfc062723c751e8b465ee728b)  -> (artifact id: '5d4f009424ee0e0398238e8af58bded2') in 0.003308 seconds
  Import took 0.006231 seconds .

========================================================================
Received Import Request.
  Time since last request: 12.979138 seconds.
  path: Assets/Scripts/Xp
  artifactKey: Guid(b201ae5eb1850994daff8169ecbf6c35) Importer(815301076,1909f56bfc062723c751e8b465ee728b)
Start importing Assets/Scripts/Xp using Guid(b201ae5eb1850994daff8169ecbf6c35) Importer(815301076,1909f56bfc062723c751e8b465ee728b)  -> (artifact id: '0402ae432f451101b0a8b8326077183f') in 0.006316 seconds
  Import took 0.009699 seconds .

========================================================================
Received Import Request.
  Time since last request: 0.000567 seconds.
  path: Assets/Scripts/Xp
  artifactKey: Guid(b201ae5eb1850994daff8169ecbf6c35) Importer(815301076,1909f56bfc062723c751e8b465ee728b)
Start importing Assets/Scripts/Xp using Guid(b201ae5eb1850994daff8169ecbf6c35) Importer(815301076,1909f56bfc062723c751e8b465ee728b)  -> (artifact id: '0402ae432f451101b0a8b8326077183f') in 0.002338 seconds
  Import took 0.005333 seconds .

========================================================================
Received Import Request.
  Time since last request: 1.048477 seconds.
  path: Assets/Scripts/Xp/XpColete.cs
  artifactKey: Guid(b441da9ab2dc6f24bacfa1fcf927ef94) Importer(815301076,1909f56bfc062723c751e8b465ee728b)
Start importing Assets/Scripts/Xp/XpColete.cs using Guid(b441da9ab2dc6f24bacfa1fcf927ef94) Importer(815301076,1909f56bfc062723c751e8b465ee728b)  -> (artifact id: '4d6eee80d9680b06ca8211a39b7f59c9') in 0.006421 seconds
  Import took 0.009666 seconds .

========================================================================
Received Import Request.
  Time since last request: 50.974203 seconds.
  path: Assets/Scripts/Inimigo/Spawninimigo.cs
  artifactKey: Guid(d022bab7139ddc94282cdebc497d7008) Importer(815301076,1909f56bfc062723c751e8b465ee728b)
Start importing Assets/Scripts/Inimigo/Spawninimigo.cs using Guid(d022bab7139ddc94282cdebc497d7008) Importer(815301076,1909f56bfc062723c751e8b465ee728b)  -> (artifact id: '2a4ea944fb7a4a46d467ba33728a59f1') in 0.006603 seconds
  Import took 0.010001 seconds .

========================================================================
Received Import Request.
  Time since last request: 6.477338 seconds.
  path: Assets/Scripts/Inimigo/VidaInimigo.cs
  artifactKey: Guid(0581fe8dbd7c30f4c8e972ca60513a49) Importer(815301076,1909f56bfc062723c751e8b465ee728b)
Start importing Assets/Scripts/Inimigo/VidaInimigo.cs using Guid(0581fe8dbd7c30f4c8e972ca60513a49) Importer(815301076,1909f56bfc062723c751e8b465ee728b)  -> (artifact id: '1bd58c3909260809a450f3fcef246f65') in 0.006268 seconds
  Import took 0.009522 seconds .

========================================================================
Received Import Request.
  Time since last request: 420.399102 seconds.
  path: Assets/Scripts/Player/XpPlayer.cs
  artifactKey: Guid(d3b106a19f173384f982ba67185cd72a) Importer(815301076,1909f56bfc062723c751e8b465ee728b)
Start importing Assets/Scripts/Player/XpPlayer.cs using Guid(d3b106a19f173384f982ba67185cd72a) Importer(815301076,1909f56bfc062723c751e8b465ee728b)  -> (artifact id: '442d8309aafddfe3d982a36e0ddb1c8f') in 0.002733 seconds
  Import took 0.005705 seconds .

========================================================================
Received Import Request.
  Time since last request: 47.328206 seconds.
  path: Assets/Scripts/Player/XpPlayer.cs
  artifactKey: Guid(d3b106a19f173384f982ba67185cd72a) Importer(815301076,1909f56bfc062723c751e8b465ee728b)
Start importing Assets/Scripts/Player/XpPlayer.cs using Guid(d3b106a19f173384f982ba67185cd72a) Importer(815301076,1909f56bfc062723c751e8b465ee728b)  -> (artifact id: '8b9e3b85e49cb010bd93b9546f47c93c') in 0.003512 seconds
  Import took 0.007338 seconds .

========================================================================
Received Prepare
Registering precompiled user dll's ...
Registered in 0.001082 seconds.
Begin MonoManager ReloadAssembly
Native extension for WindowsStandalone target not found
Refreshing native plugins compatible for Editor in 0.51 ms, found 1 plugins.
Preloading 0 native plugins for Editor in 0.00 ms.
Mono: successfully reloaded assembly
- Completed reload, in  0.733 seconds
Platform modules already initialized, skipping
Refreshing native plugins compatible for Editor in 0.50 ms, found 1 plugins.
Preloading 0 native plugins for Editor in 0.00 ms.
Unloading 1968 Unused Serialized files (Serialized files now loaded: 0)
System memory in use before: 91.6 MB.
System memory in use after: 91.6 MB.

Unloading 13 unused Assets to reduce memory usage. Loaded Objects now: 2436.
Total: 2.027600 ms (FindLiveObjects: 0.239500 ms CreateObjectMapping: 0.056200 ms MarkObjects: 1.620200 ms  DeleteObjects: 0.110400 ms)

========================================================================
Received Prepare
Registering precompiled user dll's ...
Registered in 0.001294 seconds.
Begin MonoManager ReloadAssembly
Native extension for WindowsStandalone target not found
Refreshing native plugins compatible for Editor in 0.51 ms, found 1 plugins.
Preloading 0 native plugins for Editor in 0.00 ms.
Mono: successfully reloaded assembly
- Completed reload, in  0.714 seconds
Platform modules already initialized, skipping
Refreshing native plugins compatible for Editor in 0.51 ms, found 1 plugins.
Preloading 0 native plugins for Editor in 0.00 ms.
Unloading 1968 Unused Serialized files (Serialized files now loaded: 0)
System memory in use before: 91.7 MB.
System memory in use after: 91.7 MB.

Unloading 13 unused Assets to reduce memory usage. Loaded Objects now: 2439.
Total: 1.898400 ms (FindLiveObjects: 0.199500 ms CreateObjectMapping: 0.040400 ms MarkObjects: 1.548400 ms  DeleteObjects: 0.109500 ms)

========================================================================
Received Prepare
Registering precompiled user dll's ...
Registered in 0.001095 seconds.
Begin MonoManager ReloadAssembly
Native extension for WindowsStandalone target not found
Refreshing native plugins compatible for Editor in 0.60 ms, found 1 plugins.
Preloading 0 native plugins for Editor in 0.00 ms.
Mono: successfully reloaded assembly
- Completed reload, in  0.750 seconds
Platform modules already initialized, skipping
Refreshing native plugins compatible for Editor in 0.51 ms, found 1 plugins.
Preloading 0 native plugins for Editor in 0.00 ms.
Unloading 1968 Unused Serialized files (Serialized files now loaded: 0)
System memory in use before: 91.7 MB.
System memory in use after: 91.7 MB.

Unloading 13 unused Assets to reduce memory usage. Loaded Objects now: 2442.
Total: 2.095200 ms (FindLiveObjects: 0.205100 ms CreateObjectMapping: 0.039100 ms MarkObjects: 1.734300 ms  DeleteObjects: 0.115000 ms)

========================================================================
Received Prepare
Registering precompiled user dll's ...
Registered in 0.001094 seconds.
Begin MonoManager ReloadAssembly
Native extension for WindowsStandalone target not found
Refreshing native plugins compatible for Editor in 0.55 ms, found 1 plugins.
Preloading 0 native plugins for Editor in 0.00 ms.
Mono: successfully reloaded assembly
- Completed reload, in  0.733 seconds
Platform modules already initialized, skipping
Refreshing native plugins compatible for Editor in 0.51 ms, found 1 plugins.
Preloading 0 native plugins for Editor in 0.00 ms.
Unloading 1968 Unused Serialized files (Serialized files now loaded: 0)
System memory in use before: 91.7 MB.
System memory in use after: 91.7 MB.

Unloading 13 unused Assets to reduce memory usage. Loaded Objects now: 2445.
Total: 2.002400 ms (FindLiveObjects: 0.234100 ms CreateObjectMapping: 0.055500 ms MarkObjects: 1.600400 ms  DeleteObjects: 0.111000 ms)

========================================================================
Received Prepare
Registering precompiled user dll's ...
Registered in 0.001548 seconds.
Begin MonoManager ReloadAssembly
Native extension for WindowsStandalone target not found
Refreshing native plugins compatible for Editor in 0.52 ms, found 1 plugins.
Preloading 0 native plugins for Editor in 0.00 ms.
Mono: successfully reloaded assembly
- Completed reload, in  0.719 seconds
Platform modules already initialized, skipping
Refreshing native plugins compatible for Editor in 0.78 ms, found 1 plugins.
Preloading 0 native plugins for Editor in 0.00 ms.
Unloading 1968 Unused Serialized files (Serialized files now loaded: 0)
System memory in use before: 91.7 MB.
System memory in use after: 91.7 MB.

Unloading 13 unused Assets to reduce memory usage. Loaded Objects now: 2448.
Total: 3.463600 ms (FindLiveObjects: 0.360300 ms CreateObjectMapping: 0.053100 ms MarkObjects: 2.925000 ms  DeleteObjects: 0.122300 ms)

========================================================================
Received Prepare
Registering precompiled user dll's ...
Registered in 0.001083 seconds.
Begin MonoManager ReloadAssembly
Native extension for WindowsStandalone target not found
Refreshing native plugins compatible for Editor in 0.53 ms, found 1 plugins.
Preloading 0 native plugins for Editor in 0.00 ms.
Mono: successfully reloaded assembly
- Completed reload, in  0.747 seconds
Platform modules already initialized, skipping
Refreshing native plugins compatible for Editor in 0.51 ms, found 1 plugins.
Preloading 0 native plugins for Editor in 0.00 ms.
Unloading 1968 Unused Serialized files (Serialized files now loaded: 0)
System memory in use before: 91.8 MB.
System memory in use after: 91.7 MB.

Unloading 13 unused Assets to reduce memory usage. Loaded Objects now: 2451.
Total: 2.285500 ms (FindLiveObjects: 0.212500 ms CreateObjectMapping: 0.040100 ms MarkObjects: 1.912800 ms  DeleteObjects: 0.118700 ms)

========================================================================
Received Prepare
Registering precompiled user dll's ...
Registered in 0.001104 seconds.
Begin MonoManager ReloadAssembly
Native extension for WindowsStandalone target not found
Refreshing native plugins compatible for Editor in 0.54 ms, found 1 plugins.
Preloading 0 native plugins for Editor in 0.00 ms.
Mono: successfully reloaded assembly
- Completed reload, in  0.713 seconds
Platform modules already initialized, skipping
Refreshing native plugins compatible for Editor in 0.53 ms, found 1 plugins.
Preloading 0 native plugins for Editor in 0.00 ms.
Unloading 1968 Unused Serialized files (Serialized files now loaded: 0)
System memory in use before: 91.8 MB.
System memory in use after: 91.7 MB.

Unloading 13 unused Assets to reduce memory usage. Loaded Objects now: 2454.
Total: 2.013400 ms (FindLiveObjects: 0.238400 ms CreateObjectMapping: 0.055400 ms MarkObjects: 1.602100 ms  DeleteObjects: 0.116500 ms)

========================================================================
Received Prepare
Registering precompiled user dll's ...
Registered in 0.001138 seconds.
Begin MonoManager ReloadAssembly
Native extension for WindowsStandalone target not found
Refreshing native plugins compatible for Editor in 0.53 ms, found 1 plugins.
Preloading 0 native plugins for Editor in 0.00 ms.
Mono: successfully reloaded assembly
- Completed reload, in  0.726 seconds
Platform modules already initialized, skipping
Refreshing native plugins compatible for Editor in 0.50 ms, found 1 plugins.
Preloading 0 native plugins for Editor in 0.00 ms.
Unloading 1968 Unused Serialized files (Serialized files now loaded: 0)
System memory in use before: 91.8 MB.
System memory in use after: 91.7 MB.

Unloading 13 unused Assets to reduce memory usage. Loaded Objects now: 2457.
Total: 2.299200 ms (FindLiveObjects: 0.226500 ms CreateObjectMapping: 0.054600 ms MarkObjects: 1.899600 ms  DeleteObjects: 0.116700 ms)

========================================================================
Received Import Request.
  Time since last request: 1078.769984 seconds.
  path: Assets/Scripts/Player/VidaPlayer.cs
  artifactKey: Guid(ba51313742dd96640bed512d4ff7fd8d) Importer(815301076,1909f56bfc062723c751e8b465ee728b)
Start importing Assets/Scripts/Player/VidaPlayer.cs using Guid(ba51313742dd96640bed512d4ff7fd8d) Importer(815301076,1909f56bfc062723c751e8b465ee728b)  -> (artifact id: '68fb13f7e532b500bfc5c3ed42e2a6d0') in 0.009570 seconds
  Import took 0.012745 seconds .

========================================================================
Received Import Request.
  Time since last request: 9.405561 seconds.
  path: Assets/Scripts/Player/VidaPlayer.cs
  artifactKey: Guid(ba51313742dd96640bed512d4ff7fd8d) Importer(815301076,1909f56bfc062723c751e8b465ee728b)
Start importing Assets/Scripts/Player/VidaPlayer.cs using Guid(ba51313742dd96640bed512d4ff7fd8d) Importer(815301076,1909f56bfc062723c751e8b465ee728b)  -> (artifact id: '4a7876f525d814ffa814862257aa5aed') in 0.003712 seconds
  Import took 0.007171 seconds .

========================================================================
Received Prepare
Registering precompiled user dll's ...
Registered in 0.001104 seconds.
Begin MonoManager ReloadAssembly
Native extension for WindowsStandalone target not found
Refreshing native plugins compatible for Editor in 0.51 ms, found 1 plugins.
Preloading 0 native plugins for Editor in 0.00 ms.
Mono: successfully reloaded assembly
- Completed reload, in  0.712 seconds
Platform modules already initialized, skipping
Refreshing native plugins compatible for Editor in 0.54 ms, found 1 plugins.
Preloading 0 native plugins for Editor in 0.00 ms.
Unloading 1968 Unused Serialized files (Serialized files now loaded: 0)
System memory in use before: 91.8 MB.
System memory in use after: 91.8 MB.

Unloading 13 unused Assets to reduce memory usage. Loaded Objects now: 2460.
Total: 2.095900 ms (FindLiveObjects: 0.233500 ms CreateObjectMapping: 0.041500 ms MarkObjects: 1.683400 ms  DeleteObjects: 0.136000 ms)

========================================================================
Received Import Request.
  Time since last request: 59.687239 seconds.
  path: Assets/Scripts/Player/VidaPlayer.cs
  artifactKey: Guid(ba51313742dd96640bed512d4ff7fd8d) Importer(815301076,1909f56bfc062723c751e8b465ee728b)
Start importing Assets/Scripts/Player/VidaPlayer.cs using Guid(ba51313742dd96640bed512d4ff7fd8d) Importer(815301076,1909f56bfc062723c751e8b465ee728b)  -> (artifact id: '3a26b57cc69af2253062288fa3b29f16') in 0.005112 seconds
  Import took 0.008055 seconds .

========================================================================
Received Prepare
Registering precompiled user dll's ...
Registered in 0.001122 seconds.
Begin MonoManager ReloadAssembly
Native extension for WindowsStandalone target not found
Refreshing native plugins compatible for Editor in 0.52 ms, found 1 plugins.
Preloading 0 native plugins for Editor in 0.00 ms.
Mono: successfully reloaded assembly
- Completed reload, in  0.734 seconds
Platform modules already initialized, skipping
Refreshing native plugins compatible for Editor in 0.50 ms, found 1 plugins.
Preloading 0 native plugins for Editor in 0.00 ms.
Unloading 1968 Unused Serialized files (Serialized files now loaded: 0)
System memory in use before: 91.8 MB.
System memory in use after: 91.8 MB.

Unloading 13 unused Assets to reduce memory usage. Loaded Objects now: 2463.
Total: 2.016200 ms (FindLiveObjects: 0.209500 ms CreateObjectMapping: 0.041000 ms MarkObjects: 1.635200 ms  DeleteObjects: 0.129100 ms)

========================================================================
Received Prepare
Registering precompiled user dll's ...
Registered in 0.001435 seconds.
Begin MonoManager ReloadAssembly
Native extension for WindowsStandalone target not found
Refreshing native plugins compatible for Editor in 0.51 ms, found 1 plugins.
Preloading 0 native plugins for Editor in 0.00 ms.
Mono: successfully reloaded assembly
- Completed reload, in  0.718 seconds
Platform modules already initialized, skipping
Refreshing native plugins compatible for Editor in 0.77 ms, found 1 plugins.
Preloading 0 native plugins for Editor in 0.00 ms.
Unloading 1968 Unused Serialized files (Serialized files now loaded: 0)
System memory in use before: 91.8 MB.
System memory in use after: 91.8 MB.

Unloading 13 unused Assets to reduce memory usage. Loaded Objects now: 2466.
Total: 2.703800 ms (FindLiveObjects: 0.230700 ms CreateObjectMapping: 0.040400 ms MarkObjects: 2.303800 ms  DeleteObjects: 0.126800 ms)

========================================================================
Received Prepare
Registering precompiled user dll's ...
Registered in 0.001116 seconds.
Begin MonoManager ReloadAssembly
Native extension for WindowsStandalone target not found
Refreshing native plugins compatible for Editor in 0.53 ms, found 1 plugins.
Preloading 0 native plugins for Editor in 0.00 ms.
Mono: successfully reloaded assembly
- Completed reload, in  0.740 seconds
Platform modules already initialized, skipping
Refreshing native plugins compatible for Editor in 0.52 ms, found 1 plugins.
Preloading 0 native plugins for Editor in 0.00 ms.
Unloading 1968 Unused Serialized files (Serialized files now loaded: 0)
System memory in use before: 91.8 MB.
System memory in use after: 91.8 MB.

Unloading 13 unused Assets to reduce memory usage. Loaded Objects now: 2469.
Total: 1.988300 ms (FindLiveObjects: 0.231100 ms CreateObjectMapping: 0.041700 ms MarkObjects: 1.598100 ms  DeleteObjects: 0.115800 ms)

========================================================================
Received Prepare
Registering precompiled user dll's ...
Registered in 0.001157 seconds.
Begin MonoManager ReloadAssembly
Native extension for WindowsStandalone target not found
Refreshing native plugins compatible for Editor in 0.52 ms, found 1 plugins.
Preloading 0 native plugins for Editor in 0.00 ms.
Mono: successfully reloaded assembly
- Completed reload, in  0.711 seconds
Platform modules already initialized, skipping
Refreshing native plugins compatible for Editor in 0.51 ms, found 1 plugins.
Preloading 0 native plugins for Editor in 0.00 ms.
Unloading 1968 Unused Serialized files (Serialized files now loaded: 0)
System memory in use before: 91.8 MB.
System memory in use after: 91.8 MB.

Unloading 13 unused Assets to reduce memory usage. Loaded Objects now: 2472.
Total: 2.024600 ms (FindLiveObjects: 0.232700 ms CreateObjectMapping: 0.056100 ms MarkObjects: 1.621900 ms  DeleteObjects: 0.112500 ms)

========================================================================
Received Import Request.
  Time since last request: 400.607712 seconds.
  path: Assets/Prefab/Player.prefab
  artifactKey: Guid(f220e018aa3c45b48a4af7dee0941cf8) Importer(815301076,1909f56bfc062723c751e8b465ee728b)
Start importing Assets/Prefab/Player.prefab using Guid(f220e018aa3c45b48a4af7dee0941cf8) Importer(815301076,1909f56bfc062723c751e8b465ee728b)  -> (artifact id: 'd24cb85c893ed78cfa0103e8aff3a7ca') in 0.087422 seconds
  Import took 0.090955 seconds .

========================================================================
Received Prepare
Registering precompiled user dll's ...
Registered in 0.001108 seconds.
Begin MonoManager ReloadAssembly
Native extension for WindowsStandalone target not found
Refreshing native plugins compatible for Editor in 0.50 ms, found 1 plugins.
Preloading 0 native plugins for Editor in 0.00 ms.
Mono: successfully reloaded assembly
- Completed reload, in  0.716 seconds
Platform modules already initialized, skipping
Refreshing native plugins compatible for Editor in 0.52 ms, found 1 plugins.
Preloading 0 native plugins for Editor in 0.00 ms.
Unloading 1968 Unused Serialized files (Serialized files now loaded: 0)
System memory in use before: 94.9 MB.
System memory in use after: 94.9 MB.

Unloading 13 unused Assets to reduce memory usage. Loaded Objects now: 2482.
Total: 2.005100 ms (FindLiveObjects: 0.216600 ms CreateObjectMapping: 0.041300 ms MarkObjects: 1.636100 ms  DeleteObjects: 0.109800 ms)

========================================================================
Received Import Request.
  Time since last request: 85.756495 seconds.
  path: Assets/Prefab/Player.prefab
  artifactKey: Guid(f220e018aa3c45b48a4af7dee0941cf8) Importer(815301076,1909f56bfc062723c751e8b465ee728b)
Start importing Assets/Prefab/Player.prefab using Guid(f220e018aa3c45b48a4af7dee0941cf8) Importer(815301076,1909f56bfc062723c751e8b465ee728b)  -> (artifact id: 'bcd8457bac4abfca88b1cebc203bcf4e') in 0.053644 seconds
  Import took 0.056978 seconds .

========================================================================
Received Prepare
Registering precompiled user dll's ...
Registered in 0.001106 seconds.
Begin MonoManager ReloadAssembly
Native extension for WindowsStandalone target not found
Refreshing native plugins compatible for Editor in 0.52 ms, found 1 plugins.
Preloading 0 native plugins for Editor in 0.00 ms.
Mono: successfully reloaded assembly
- Completed reload, in  0.711 seconds
Platform modules already initialized, skipping
Refreshing native plugins compatible for Editor in 0.50 ms, found 1 plugins.
Preloading 0 native plugins for Editor in 0.00 ms.
Unloading 1968 Unused Serialized files (Serialized files now loaded: 0)
System memory in use before: 95.0 MB.
System memory in use after: 94.9 MB.

Unloading 13 unused Assets to reduce memory usage. Loaded Objects now: 2486.
Total: 1.964800 ms (FindLiveObjects: 0.210700 ms CreateObjectMapping: 0.040700 ms MarkObjects: 1.593800 ms  DeleteObjects: 0.118600 ms)

========================================================================
Received Prepare
Registering precompiled user dll's ...
Registered in 0.001097 seconds.
Begin MonoManager ReloadAssembly
Native extension for WindowsStandalone target not found
Refreshing native plugins compatible for Editor in 0.96 ms, found 1 plugins.
Preloading 0 native plugins for Editor in 0.00 ms.
Mono: successfully reloaded assembly
- Completed reload, in  0.768 seconds
Platform modules already initialized, skipping
Refreshing native plugins compatible for Editor in 0.50 ms, found 1 plugins.
Preloading 0 native plugins for Editor in 0.00 ms.
Unloading 1968 Unused Serialized files (Serialized files now loaded: 0)
System memory in use before: 95.0 MB.
System memory in use after: 94.9 MB.

Unloading 13 unused Assets to reduce memory usage. Loaded Objects now: 2489.
Total: 1.959400 ms (FindLiveObjects: 0.213900 ms CreateObjectMapping: 0.039700 ms MarkObjects: 1.591100 ms  DeleteObjects: 0.113500 ms)

========================================================================
Received Prepare
Registering precompiled user dll's ...
Registered in 0.001085 seconds.
Begin MonoManager ReloadAssembly
Native extension for WindowsStandalone target not found
Refreshing native plugins compatible for Editor in 0.51 ms, found 1 plugins.
Preloading 0 native plugins for Editor in 0.00 ms.
Mono: successfully reloaded assembly
- Completed reload, in  0.709 seconds
Platform modules already initialized, skipping
Refreshing native plugins compatible for Editor in 0.51 ms, found 1 plugins.
Preloading 0 native plugins for Editor in 0.00 ms.
Unloading 1968 Unused Serialized files (Serialized files now loaded: 0)
System memory in use before: 95.0 MB.
System memory in use after: 94.9 MB.

Unloading 13 unused Assets to reduce memory usage. Loaded Objects now: 2492.
Total: 1.964000 ms (FindLiveObjects: 0.213700 ms CreateObjectMapping: 0.040600 ms MarkObjects: 1.586900 ms  DeleteObjects: 0.121600 ms)

========================================================================
Received Prepare
Registering precompiled user dll's ...
Registered in 0.001092 seconds.
Begin MonoManager ReloadAssembly
Native extension for WindowsStandalone target not found
Refreshing native plugins compatible for Editor in 0.51 ms, found 1 plugins.
Preloading 0 native plugins for Editor in 0.00 ms.
Mono: successfully reloaded assembly
- Completed reload, in  0.734 seconds
Platform modules already initialized, skipping
Refreshing native plugins compatible for Editor in 0.52 ms, found 1 plugins.
Preloading 0 native plugins for Editor in 0.00 ms.
Unloading 1968 Unused Serialized files (Serialized files now loaded: 0)
System memory in use before: 95.0 MB.
System memory in use after: 95.0 MB.

Unloading 13 unused Assets to reduce memory usage. Loaded Objects now: 2495.
Total: 2.283700 ms (FindLiveObjects: 0.213700 ms CreateObjectMapping: 0.040700 ms MarkObjects: 1.905000 ms  DeleteObjects: 0.122500 ms)

========================================================================
Received Import Request.
  Time since last request: 322.362672 seconds.
  path: Assets/Prefab/Player.prefab
  artifactKey: Guid(f220e018aa3c45b48a4af7dee0941cf8) Importer(815301076,1909f56bfc062723c751e8b465ee728b)
Start importing Assets/Prefab/Player.prefab using Guid(f220e018aa3c45b48a4af7dee0941cf8) Importer(815301076,1909f56bfc062723c751e8b465ee728b)  -> (artifact id: '1a1e3e9c1230462fbf826542f8ccfb4c') in 0.056350 seconds
  Import took 0.060151 seconds .

========================================================================
Received Import Request.
  Time since last request: 117.615545 seconds.
  path: ProjectSettings/TagManager.asset
  artifactKey: Guid(00000000000000003000000000000000) Importer(815301076,1909f56bfc062723c751e8b465ee728b)
Start importing ProjectSettings/TagManager.asset using Guid(00000000000000003000000000000000) Importer(815301076,1909f56bfc062723c751e8b465ee728b)  -> (artifact id: '0bb2c2553c59b2195638bf1eba497d35') in 0.004928 seconds
  Import took 0.008100 seconds .

========================================================================
Received Prepare
Registering precompiled user dll's ...
Registered in 0.001125 seconds.
Begin MonoManager ReloadAssembly
Native extension for WindowsStandalone target not found
Refreshing native plugins compatible for Editor in 0.52 ms, found 1 plugins.
Preloading 0 native plugins for Editor in 0.00 ms.
Mono: successfully reloaded assembly
- Completed reload, in  0.724 seconds
Platform modules already initialized, skipping
Refreshing native plugins compatible for Editor in 0.50 ms, found 1 plugins.
Preloading 0 native plugins for Editor in 0.00 ms.
Unloading 1968 Unused Serialized files (Serialized files now loaded: 0)
System memory in use before: 95.0 MB.
System memory in use after: 95.0 MB.

Unloading 14 unused Assets to reduce memory usage. Loaded Objects now: 2499.
Total: 2.240500 ms (FindLiveObjects: 0.241600 ms CreateObjectMapping: 0.056400 ms MarkObjects: 1.821200 ms  DeleteObjects: 0.119800 ms)

========================================================================
Received Prepare
Registering precompiled user dll's ...
Registered in 0.001027 seconds.
Begin MonoManager ReloadAssembly
Native extension for WindowsStandalone target not found
Refreshing native plugins compatible for Editor in 0.52 ms, found 1 plugins.
Preloading 0 native plugins for Editor in 0.00 ms.
Mono: successfully reloaded assembly
- Completed reload, in  0.729 seconds
Platform modules already initialized, skipping
Refreshing native plugins compatible for Editor in 0.51 ms, found 1 plugins.
Preloading 0 native plugins for Editor in 0.00 ms.
Unloading 1968 Unused Serialized files (Serialized files now loaded: 0)
System memory in use before: 95.0 MB.
System memory in use after: 95.0 MB.

Unloading 13 unused Assets to reduce memory usage. Loaded Objects now: 2502.
Total: 1.949700 ms (FindLiveObjects: 0.227900 ms CreateObjectMapping: 0.039900 ms MarkObjects: 1.560000 ms  DeleteObjects: 0.120200 ms)

========================================================================
Received Import Request.
  Time since last request: 267.411415 seconds.
  path: Assets/Scripts/Inimigo/VidaInimigo.cs
  artifactKey: Guid(0581fe8dbd7c30f4c8e972ca60513a49) Importer(815301076,1909f56bfc062723c751e8b465ee728b)
Start importing Assets/Scripts/Inimigo/VidaInimigo.cs using Guid(0581fe8dbd7c30f4c8e972ca60513a49) Importer(815301076,1909f56bfc062723c751e8b465ee728b)  -> (artifact id: '737c7d4173d78ea07a61c40eabe41890') in 0.007891 seconds
  Import took 0.010890 seconds .

========================================================================
Received Prepare
Registering precompiled user dll's ...
Registered in 0.001077 seconds.
Begin MonoManager ReloadAssembly
Native extension for WindowsStandalone target not found
Refreshing native plugins compatible for Editor in 0.52 ms, found 1 plugins.
Preloading 0 native plugins for Editor in 0.00 ms.
Mono: successfully reloaded assembly
- Completed reload, in  0.723 seconds
Platform modules already initialized, skipping
Refreshing native plugins compatible for Editor in 0.50 ms, found 1 plugins.
Preloading 0 native plugins for Editor in 0.00 ms.
Unloading 1968 Unused Serialized files (Serialized files now loaded: 0)
System memory in use before: 95.0 MB.
System memory in use after: 95.0 MB.

Unloading 13 unused Assets to reduce memory usage. Loaded Objects now: 2505.
Total: 1.986000 ms (FindLiveObjects: 0.220700 ms CreateObjectMapping: 0.039800 ms MarkObjects: 1.607700 ms  DeleteObjects: 0.115800 ms)

========================================================================
Received Prepare
Registering precompiled user dll's ...
Registered in 0.001156 seconds.
Begin MonoManager ReloadAssembly
Native extension for WindowsStandalone target not found
Refreshing native plugins compatible for Editor in 0.51 ms, found 1 plugins.
Preloading 0 native plugins for Editor in 0.00 ms.
Mono: successfully reloaded assembly
- Completed reload, in  0.716 seconds
Platform modules already initialized, skipping
Refreshing native plugins compatible for Editor in 0.55 ms, found 1 plugins.
Preloading 0 native plugins for Editor in 0.00 ms.
Unloading 1968 Unused Serialized files (Serialized files now loaded: 0)
System memory in use before: 95.0 MB.
System memory in use after: 95.0 MB.

Unloading 13 unused Assets to reduce memory usage. Loaded Objects now: 2508.
Total: 2.989200 ms (FindLiveObjects: 0.316700 ms CreateObjectMapping: 0.069800 ms MarkObjects: 2.366500 ms  DeleteObjects: 0.234200 ms)

========================================================================
Received Prepare
Registering precompiled user dll's ...
Registered in 0.001109 seconds.
Begin MonoManager ReloadAssembly
Native extension for WindowsStandalone target not found
Refreshing native plugins compatible for Editor in 0.53 ms, found 1 plugins.
Preloading 0 native plugins for Editor in 0.00 ms.
Mono: successfully reloaded assembly
- Completed reload, in  0.730 seconds
Platform modules already initialized, skipping
Refreshing native plugins compatible for Editor in 0.50 ms, found 1 plugins.
Preloading 0 native plugins for Editor in 0.00 ms.
Unloading 1968 Unused Serialized files (Serialized files now loaded: 0)
System memory in use before: 95.0 MB.
System memory in use after: 95.0 MB.

Unloading 13 unused Assets to reduce memory usage. Loaded Objects now: 2511.
Total: 2.016600 ms (FindLiveObjects: 0.234700 ms CreateObjectMapping: 0.057000 ms MarkObjects: 1.602000 ms  DeleteObjects: 0.121400 ms)

========================================================================
Received Import Request.
  Time since last request: 265.901707 seconds.
  path: Assets/Animacao/Player
  artifactKey: Guid(8ae8dc221197d6842bc1026430306fb5) Importer(815301076,1909f56bfc062723c751e8b465ee728b)
Start importing Assets/Animacao/Player using Guid(8ae8dc221197d6842bc1026430306fb5) Importer(815301076,1909f56bfc062723c751e8b465ee728b)  -> (artifact id: 'd54bd7a04008ae3085c9dd95914ee0ee') in 0.006494 seconds
  Import took 0.010013 seconds .

========================================================================
Received Import Request.
  Time since last request: 0.000607 seconds.
  path: Assets/Animacao/Player
  artifactKey: Guid(8ae8dc221197d6842bc1026430306fb5) Importer(815301076,1909f56bfc062723c751e8b465ee728b)
Start importing Assets/Animacao/Player using Guid(8ae8dc221197d6842bc1026430306fb5) Importer(815301076,1909f56bfc062723c751e8b465ee728b)  -> (artifact id: 'd54bd7a04008ae3085c9dd95914ee0ee') in 0.002470 seconds
  Import took 0.005494 seconds .

========================================================================
Received Import Request.
  Time since last request: 2.534352 seconds.
  path: Assets/Animacao/Player/Morrendo.anim
  artifactKey: Guid(eadb859b59be5344ea954ab9a735910c) Importer(815301076,1909f56bfc062723c751e8b465ee728b)
Start importing Assets/Animacao/Player/Morrendo.anim using Guid(eadb859b59be5344ea954ab9a735910c) Importer(815301076,1909f56bfc062723c751e8b465ee728b)  -> (artifact id: '4f249d9480b2b1a9d588a6ec6753f7d7') in 0.014892 seconds
  Import took 0.018024 seconds .

========================================================================
Received Prepare
Registering precompiled user dll's ...
Registered in 0.001110 seconds.
Begin MonoManager ReloadAssembly
Native extension for WindowsStandalone target not found
Refreshing native plugins compatible for Editor in 0.55 ms, found 1 plugins.
Preloading 0 native plugins for Editor in 0.00 ms.
Mono: successfully reloaded assembly
- Completed reload, in  0.731 seconds
Platform modules already initialized, skipping
Refreshing native plugins compatible for Editor in 0.52 ms, found 1 plugins.
Preloading 0 native plugins for Editor in 0.00 ms.
Unloading 1968 Unused Serialized files (Serialized files now loaded: 0)
System memory in use before: 95.1 MB.
System memory in use after: 95.0 MB.

Unloading 13 unused Assets to reduce memory usage. Loaded Objects now: 2514.
Total: 2.117400 ms (FindLiveObjects: 0.222600 ms CreateObjectMapping: 0.042600 ms MarkObjects: 1.727800 ms  DeleteObjects: 0.122600 ms)

========================================================================
Received Import Request.
  Time since last request: 64.373987 seconds.
  path: Assets/Tech Dungeon Roguelite - Asset Pack (DEMO)/Players
  artifactKey: Guid(0b561c7a6703bf44eaadf83280be3d66) Importer(815301076,1909f56bfc062723c751e8b465ee728b)
Start importing Assets/Tech Dungeon Roguelite - Asset Pack (DEMO)/Players using Guid(0b561c7a6703bf44eaadf83280be3d66) Importer(815301076,1909f56bfc062723c751e8b465ee728b)  -> (artifact id: 'd89ff4cd5f64eae772331a92f1d48ab7') in 0.009457 seconds
  Import took 0.013065 seconds .

========================================================================
Received Import Request.
  Time since last request: 0.000288 seconds.
  path: Assets/Tech Dungeon Roguelite - Asset Pack (DEMO)/Players
  artifactKey: Guid(0b561c7a6703bf44eaadf83280be3d66) Importer(815301076,1909f56bfc062723c751e8b465ee728b)
Start importing Assets/Tech Dungeon Roguelite - Asset Pack (DEMO)/Players using Guid(0b561c7a6703bf44eaadf83280be3d66) Importer(815301076,1909f56bfc062723c751e8b465ee728b)  -> (artifact id: 'd89ff4cd5f64eae772331a92f1d48ab7') in 0.002694 seconds
  Import took 0.005642 seconds .

========================================================================
Received Import Request.
  Time since last request: 62.783400 seconds.
  path: Assets/TextMesh Pro
  artifactKey: Guid(f54d1bd14bd3ca042bd867b519fee8cc) Importer(815301076,1909f56bfc062723c751e8b465ee728b)
Start importing Assets/TextMesh Pro using Guid(f54d1bd14bd3ca042bd867b519fee8cc) Importer(815301076,1909f56bfc062723c751e8b465ee728b)  -> (artifact id: '6170b652e791f28e2dae01803c8e71bf') in 0.006476 seconds
  Import took 0.009609 seconds .

========================================================================
Received Prepare
Registering precompiled user dll's ...
Registered in 0.001169 seconds.
Begin MonoManager ReloadAssembly
Native extension for WindowsStandalone target not found
Refreshing native plugins compatible for Editor in 0.53 ms, found 1 plugins.
Preloading 0 native plugins for Editor in 0.00 ms.
Mono: successfully reloaded assembly
- Completed reload, in  0.733 seconds
Platform modules already initialized, skipping
Refreshing native plugins compatible for Editor in 0.52 ms, found 1 plugins.
Preloading 0 native plugins for Editor in 0.00 ms.
Unloading 1968 Unused Serialized files (Serialized files now loaded: 0)
System memory in use before: 95.0 MB.
System memory in use after: 95.0 MB.

Unloading 13 unused Assets to reduce memory usage. Loaded Objects now: 2517.
Total: 2.078100 ms (FindLiveObjects: 0.227000 ms CreateObjectMapping: 0.043400 ms MarkObjects: 1.679600 ms  DeleteObjects: 0.126200 ms)

========================================================================
Received Prepare
Registering precompiled user dll's ...
Registered in 0.001149 seconds.
Begin MonoManager ReloadAssembly
Native extension for WindowsStandalone target not found
Refreshing native plugins compatible for Editor in 0.57 ms, found 1 plugins.
Preloading 0 native plugins for Editor in 0.00 ms.
Mono: successfully reloaded assembly
- Completed reload, in  0.738 seconds
Platform modules already initialized, skipping
Refreshing native plugins compatible for Editor in 0.51 ms, found 1 plugins.
Preloading 0 native plugins for Editor in 0.00 ms.
Unloading 1968 Unused Serialized files (Serialized files now loaded: 0)
System memory in use before: 95.1 MB.
System memory in use after: 95.0 MB.

Unloading 13 unused Assets to reduce memory usage. Loaded Objects now: 2520.
Total: 2.030500 ms (FindLiveObjects: 0.240400 ms CreateObjectMapping: 0.054800 ms MarkObjects: 1.613400 ms  DeleteObjects: 0.120300 ms)

========================================================================
Received Prepare
Registering precompiled user dll's ...
Registered in 0.001111 seconds.
Begin MonoManager ReloadAssembly
Native extension for WindowsStandalone target not found
Refreshing native plugins compatible for Editor in 0.53 ms, found 1 plugins.
Preloading 0 native plugins for Editor in 0.00 ms.
Mono: successfully reloaded assembly
- Completed reload, in  0.726 seconds
Platform modules already initialized, skipping
Refreshing native plugins compatible for Editor in 0.51 ms, found 1 plugins.
Preloading 0 native plugins for Editor in 0.00 ms.
Unloading 1968 Unused Serialized files (Serialized files now loaded: 0)
System memory in use before: 95.1 MB.
System memory in use after: 95.1 MB.

Unloading 13 unused Assets to reduce memory usage. Loaded Objects now: 2523.
Total: 2.364100 ms (FindLiveObjects: 0.236600 ms CreateObjectMapping: 0.055800 ms MarkObjects: 1.953600 ms  DeleteObjects: 0.116400 ms)

========================================================================
Received Prepare
Registering precompiled user dll's ...
Registered in 0.001123 seconds.
Begin MonoManager ReloadAssembly
Native extension for WindowsStandalone target not found
Refreshing native plugins compatible for Editor in 0.52 ms, found 1 plugins.
Preloading 0 native plugins for Editor in 0.00 ms.
Mono: successfully reloaded assembly
- Completed reload, in  0.725 seconds
Platform modules already initialized, skipping
Refreshing native plugins compatible for Editor in 0.51 ms, found 1 plugins.
Preloading 0 native plugins for Editor in 0.00 ms.
Unloading 1968 Unused Serialized files (Serialized files now loaded: 0)
System memory in use before: 95.1 MB.
System memory in use after: 95.1 MB.

Unloading 13 unused Assets to reduce memory usage. Loaded Objects now: 2526.
Total: 2.373400 ms (FindLiveObjects: 0.243200 ms CreateObjectMapping: 0.055900 ms MarkObjects: 1.953700 ms  DeleteObjects: 0.119000 ms)

========================================================================
Received Prepare
Registering precompiled user dll's ...
Registered in 0.001088 seconds.
Begin MonoManager ReloadAssembly
Native extension for WindowsStandalone target not found
Refreshing native plugins compatible for Editor in 0.58 ms, found 1 plugins.
Preloading 0 native plugins for Editor in 0.00 ms.
Mono: successfully reloaded assembly
- Completed reload, in  0.757 seconds
Platform modules already initialized, skipping
Refreshing native plugins compatible for Editor in 0.51 ms, found 1 plugins.
Preloading 0 native plugins for Editor in 0.00 ms.
Unloading 1968 Unused Serialized files (Serialized files now loaded: 0)
System memory in use before: 95.1 MB.
System memory in use after: 95.1 MB.

Unloading 13 unused Assets to reduce memory usage. Loaded Objects now: 2529.
Total: 2.333900 ms (FindLiveObjects: 0.243000 ms CreateObjectMapping: 0.055800 ms MarkObjects: 1.911500 ms  DeleteObjects: 0.121700 ms)

========================================================================
Received Prepare
Refreshing native plugins compatible for Editor in 1.76 ms, found 1 plugins.
Preloading 0 native plugins for Editor in 0.00 ms.
Unloading 10 Unused Serialized files (Serialized files now loaded: 0)
System memory in use before: 56.3 MB.
System memory in use after: 56.3 MB.

Unloading 10 unused Assets to reduce memory usage. Loaded Objects now: 2529.
Total: 1.950100 ms (FindLiveObjects: 0.210300 ms CreateObjectMapping: 0.045600 ms MarkObjects: 1.577800 ms  DeleteObjects: 0.115400 ms)

========================================================================
Received Import Request.
  Time since last request: 476.168203 seconds.
  path: Assets/Scripts/Inimigo/Spawninimigo.cs
  artifactKey: Guid(d022bab7139ddc94282cdebc497d7008) Importer(815301076,1909f56bfc062723c751e8b465ee728b)
Start importing Assets/Scripts/Inimigo/Spawninimigo.cs using Guid(d022bab7139ddc94282cdebc497d7008) Importer(815301076,1909f56bfc062723c751e8b465ee728b)  -> (artifact id: '9be9673c6781efc1483a68159e13efcc') in 0.003342 seconds
  Import took 0.006509 seconds .

========================================================================
Received Import Request.
  Time since last request: 0.022848 seconds.
  path: Assets/Scripts/Inimigo/Spawninimigo.cs
  artifactKey: Guid(d022bab7139ddc94282cdebc497d7008) Importer(815301076,1909f56bfc062723c751e8b465ee728b)
Start importing Assets/Scripts/Inimigo/Spawninimigo.cs using Guid(d022bab7139ddc94282cdebc497d7008) Importer(815301076,1909f56bfc062723c751e8b465ee728b)  -> (artifact id: '9be9673c6781efc1483a68159e13efcc') in 0.002376 seconds
  Import took 0.005594 seconds .

========================================================================
Received Prepare
Registering precompiled user dll's ...
Registered in 0.001107 seconds.
Begin MonoManager ReloadAssembly
Native extension for WindowsStandalone target not found
Refreshing native plugins compatible for Editor in 0.54 ms, found 1 plugins.
Preloading 0 native plugins for Editor in 0.00 ms.
Mono: successfully reloaded assembly
- Completed reload, in  0.732 seconds
Platform modules already initialized, skipping
Refreshing native plugins compatible for Editor in 0.62 ms, found 1 plugins.
Preloading 0 native plugins for Editor in 0.00 ms.
Unloading 1968 Unused Serialized files (Serialized files now loaded: 0)
System memory in use before: 95.1 MB.
System memory in use after: 95.1 MB.

Unloading 13 unused Assets to reduce memory usage. Loaded Objects now: 2532.
Total: 2.216900 ms (FindLiveObjects: 0.277100 ms CreateObjectMapping: 0.058600 ms MarkObjects: 1.755800 ms  DeleteObjects: 0.123500 ms)

========================================================================
Received Import Request.
  Time since last request: 20.443979 seconds.
  path: Assets/Scripts/Inimigo/Spawninimigo.cs
  artifactKey: Guid(d022bab7139ddc94282cdebc497d7008) Importer(815301076,1909f56bfc062723c751e8b465ee728b)
Start importing Assets/Scripts/Inimigo/Spawninimigo.cs using Guid(d022bab7139ddc94282cdebc497d7008) Importer(815301076,1909f56bfc062723c751e8b465ee728b)  -> (artifact id: 'e0c4e32a959c60305c370bc367ed334e') in 0.005592 seconds
  Import took 0.009153 seconds .

========================================================================
Received Prepare
Refreshing native plugins compatible for Editor in 1.73 ms, found 1 plugins.
Preloading 0 native plugins for Editor in 0.00 ms.
Unloading 10 Unused Serialized files (Serialized files now loaded: 0)
System memory in use before: 56.3 MB.
System memory in use after: 56.3 MB.

Unloading 10 unused Assets to reduce memory usage. Loaded Objects now: 2532.
Total: 2.328600 ms (FindLiveObjects: 0.207200 ms CreateObjectMapping: 0.040300 ms MarkObjects: 1.958100 ms  DeleteObjects: 0.122200 ms)

========================================================================
Received Import Request.
  Time since last request: 317.223091 seconds.
  path: Assets/Scripts/Inimigo/Spawninimigo.cs
  artifactKey: Guid(d022bab7139ddc94282cdebc497d7008) Importer(815301076,1909f56bfc062723c751e8b465ee728b)
Start importing Assets/Scripts/Inimigo/Spawninimigo.cs using Guid(d022bab7139ddc94282cdebc497d7008) Importer(815301076,1909f56bfc062723c751e8b465ee728b)  -> (artifact id: 'd19009c02fff20cd60e613ded74373b4') in 0.002765 seconds
  Import took 0.006187 seconds .

========================================================================
Received Prepare
Registering precompiled user dll's ...
Registered in 0.001040 seconds.
Begin MonoManager ReloadAssembly
Native extension for WindowsStandalone target not found
Refreshing native plugins compatible for Editor in 0.52 ms, found 1 plugins.
Preloading 0 native plugins for Editor in 0.00 ms.
Mono: successfully reloaded assembly
- Completed reload, in  0.712 seconds
Platform modules already initialized, skipping
Refreshing native plugins compatible for Editor in 0.50 ms, found 1 plugins.
Preloading 0 native plugins for Editor in 0.00 ms.
Unloading 1968 Unused Serialized files (Serialized files now loaded: 0)
System memory in use before: 95.1 MB.
System memory in use after: 95.1 MB.

Unloading 13 unused Assets to reduce memory usage. Loaded Objects now: 2535.
Total: 2.309300 ms (FindLiveObjects: 0.214000 ms CreateObjectMapping: 0.040800 ms MarkObjects: 1.932100 ms  DeleteObjects: 0.121000 ms)

========================================================================
Received Import Request.
  Time since last request: 22.014853 seconds.
  path: Assets/Scripts/Inimigo/Spawninimigo.cs
  artifactKey: Guid(d022bab7139ddc94282cdebc497d7008) Importer(815301076,1909f56bfc062723c751e8b465ee728b)
Start importing Assets/Scripts/Inimigo/Spawninimigo.cs using Guid(d022bab7139ddc94282cdebc497d7008) Importer(815301076,1909f56bfc062723c751e8b465ee728b)  -> (artifact id: 'e439cc8c7d5aa6a7c3aff3a1c14f9ef0') in 0.005077 seconds
  Import took 0.008115 seconds .

========================================================================
Received Prepare
Registering precompiled user dll's ...
Registered in 0.001074 seconds.
Begin MonoManager ReloadAssembly
Native extension for WindowsStandalone target not found
Refreshing native plugins compatible for Editor in 0.62 ms, found 1 plugins.
Preloading 0 native plugins for Editor in 0.00 ms.
Mono: successfully reloaded assembly
- Completed reload, in  0.726 seconds
Platform modules already initialized, skipping
Refreshing native plugins compatible for Editor in 0.51 ms, found 1 plugins.
Preloading 0 native plugins for Editor in 0.00 ms.
Unloading 1968 Unused Serialized files (Serialized files now loaded: 0)
System memory in use before: 95.1 MB.
System memory in use after: 95.1 MB.

Unloading 13 unused Assets to reduce memory usage. Loaded Objects now: 2538.
Total: 2.493600 ms (FindLiveObjects: 0.218000 ms CreateObjectMapping: 0.041300 ms MarkObjects: 2.110600 ms  DeleteObjects: 0.121900 ms)

========================================================================
Received Prepare
Refreshing native plugins compatible for Editor in 1.78 ms, found 1 plugins.
Preloading 0 native plugins for Editor in 0.00 ms.
Unloading 10 Unused Serialized files (Serialized files now loaded: 0)
System memory in use before: 56.3 MB.
System memory in use after: 56.3 MB.

Unloading 10 unused Assets to reduce memory usage. Loaded Objects now: 2538.
Total: 1.940700 ms (FindLiveObjects: 0.218800 ms CreateObjectMapping: 0.040900 ms MarkObjects: 1.559800 ms  DeleteObjects: 0.119800 ms)

AssetImportWorkerClient::OnTransportError - code=2 error=End of file
