Using pre-set license
Built from '2020.3/staging' branch; Version is '2020.3.9f1 (108be757e447) revision 1084391'; Using compiler version '192528614'; Build Type 'Release'
OS: 'Windows 10 Home Single Language; OS build 22000.739; Version 2009; 64bit' Language: 'pt' Physical Memory: 16295 MB
BatchMode: 1, IsHumanControllingUs: 0, StartBugReporterOnCrash: 0, Is64bit: 1, IsPro: 0

 COMMAND LINE ARGUMENTS:
C:\Program Files\Unity\Hub\Editor\2020.3.9f1\Editor\Unity.exe
-adb2
-batchMode
-noUpm
-name
AssetImportWorker2
-projectPath
C:/Users/arthu/OneDrive/Documentos/GitHub/Jogo-2D/Jogo2D
-logFile
Logs/AssetImportWorker2.log
-srvPort
61375
Successfully changed project path to: C:/Users/arthu/OneDrive/Documentos/GitHub/Jogo-2D/Jogo2D
C:/Users/arthu/OneDrive/Documentos/GitHub/Jogo-2D/Jogo2D
Using Asset Import Pipeline V2.
Refreshing native plugins compatible for Editor in 49.61 ms, found 1 plugins.
Preloading 0 native plugins for Editor in 0.00 ms.
Initialize engine version: 2020.3.9f1 (108be757e447)
[Subsystems] Discovering subsystems at path C:/Program Files/Unity/Hub/Editor/2020.3.9f1/Editor/Data/Resources/UnitySubsystems
[Subsystems] Discovering subsystems at path C:/Users/arthu/OneDrive/Documentos/GitHub/Jogo-2D/Jogo2D/Assets
GfxDevice: creating device client; threaded=0
Direct3D:
    Version:  Direct3D 11.0 [level 11.1]
    Renderer: NVIDIA GeForce GTX 1650 (ID=0x1f0a)
    Vendor:   
    VRAM:     3961 MB
    Driver:   30.0.15.1295
Initialize mono
Mono path[0] = 'C:/Program Files/Unity/Hub/Editor/2020.3.9f1/Editor/Data/Managed'
Mono path[1] = 'C:/Program Files/Unity/Hub/Editor/2020.3.9f1/Editor/Data/MonoBleedingEdge/lib/mono/unityjit'
Mono config path = 'C:/Program Files/Unity/Hub/Editor/2020.3.9f1/Editor/Data/MonoBleedingEdge/etc'
Using monoOptions --debugger-agent=transport=dt_socket,embedding=1,server=y,suspend=n,address=127.0.0.1:56744
Begin MonoManager ReloadAssembly
Registering precompiled unity dll's ...
Register platform support module: C:/Program Files/Unity/Hub/Editor/2020.3.9f1/Editor/Data/PlaybackEngines/WindowsStandaloneSupport/UnityEditor.WindowsStandalone.Extensions.dll
Registered in 0.001122 seconds.
Native extension for WindowsStandalone target not found
Refreshing native plugins compatible for Editor in 56.70 ms, found 1 plugins.
Preloading 0 native plugins for Editor in 0.00 ms.
Mono: successfully reloaded assembly
- Completed reload, in  2.194 seconds
Platform modules already initialized, skipping
Registering precompiled user dll's ...
Registered in 0.001593 seconds.
Begin MonoManager ReloadAssembly
Native extension for WindowsStandalone target not found
Refreshing native plugins compatible for Editor in 50.12 ms, found 1 plugins.
Preloading 0 native plugins for Editor in 0.00 ms.
Mono: successfully reloaded assembly
- Completed reload, in  0.980 seconds
Platform modules already initialized, skipping
========================================================================
Worker process is ready to serve import requests
Launched and connected shader compiler UnityShaderCompiler.exe after 0.07 seconds
Refreshing native plugins compatible for Editor in 0.46 ms, found 1 plugins.
Preloading 0 native plugins for Editor in 0.00 ms.
Unloading 1991 Unused Serialized files (Serialized files now loaded: 0)
System memory in use before: 93.5 MB.
System memory in use after: 93.5 MB.

Unloading 25 unused Assets to reduce memory usage. Loaded Objects now: 2438.
Total: 2.318100 ms (FindLiveObjects: 0.281200 ms CreateObjectMapping: 0.104300 ms MarkObjects: 1.804400 ms  DeleteObjects: 0.126900 ms)

========================================================================
Received Import Request.
  path: Assets/Square.prefab
  artifactKey: Guid(77be841ba4df6544e85676e137329507) Importer(815301076,1909f56bfc062723c751e8b465ee728b)
Start importing Assets/Square.prefab using Guid(77be841ba4df6544e85676e137329507) Importer(815301076,1909f56bfc062723c751e8b465ee728b)  -> (artifact id: 'ba2df5d3747225954704f46050754056') in 0.093092 seconds
  Import took 0.096128 seconds .

========================================================================
Received Import Request.
  Time since last request: 0.040206 seconds.
  path: Assets/Square.prefab
  artifactKey: Guid(77be841ba4df6544e85676e137329507) Importer(815301076,1909f56bfc062723c751e8b465ee728b)
Start importing Assets/Square.prefab using Guid(77be841ba4df6544e85676e137329507) Importer(815301076,1909f56bfc062723c751e8b465ee728b)  -> (artifact id: 'ba2df5d3747225954704f46050754056') in 0.008653 seconds
  Import took 0.012233 seconds .

========================================================================
Received Import Request.
  Time since last request: 21.587829 seconds.
  path: Assets/Square.prefab
  artifactKey: Guid(77be841ba4df6544e85676e137329507) Importer(815301076,1909f56bfc062723c751e8b465ee728b)
Start importing Assets/Square.prefab using Guid(77be841ba4df6544e85676e137329507) Importer(815301076,1909f56bfc062723c751e8b465ee728b)  -> (artifact id: '2470ad76bee83437403d3ee404bb00bb') in 0.023554 seconds
  Import took 0.027982 seconds .

========================================================================
Received Import Request.
  Time since last request: 6.028116 seconds.
  path: Assets/Square.prefab
  artifactKey: Guid(77be841ba4df6544e85676e137329507) Importer(815301076,1909f56bfc062723c751e8b465ee728b)
Start importing Assets/Square.prefab using Guid(77be841ba4df6544e85676e137329507) Importer(815301076,1909f56bfc062723c751e8b465ee728b)  -> (artifact id: '6eaa804524d09a704b21fc6a26c1461a') in 0.014218 seconds
  Import took 0.018008 seconds .

========================================================================
Received Import Request.
  Time since last request: 8.058502 seconds.
  path: Assets/Square.prefab
  artifactKey: Guid(77be841ba4df6544e85676e137329507) Importer(815301076,1909f56bfc062723c751e8b465ee728b)
Start importing Assets/Square.prefab using Guid(77be841ba4df6544e85676e137329507) Importer(815301076,1909f56bfc062723c751e8b465ee728b)  -> (artifact id: 'b59766f62330c9cfbb43712f8aba04d6') in 0.020531 seconds
  Import took 0.024179 seconds .

========================================================================
Received Prepare
Registering precompiled user dll's ...
Registered in 0.000988 seconds.
Begin MonoManager ReloadAssembly
Native extension for WindowsStandalone target not found
Refreshing native plugins compatible for Editor in 0.72 ms, found 1 plugins.
Preloading 0 native plugins for Editor in 0.00 ms.
Mono: successfully reloaded assembly
- Completed reload, in  0.985 seconds
Platform modules already initialized, skipping
Refreshing native plugins compatible for Editor in 0.47 ms, found 1 plugins.
Preloading 0 native plugins for Editor in 0.00 ms.
Unloading 1971 Unused Serialized files (Serialized files now loaded: 0)
System memory in use before: 95.1 MB.
System memory in use after: 95.1 MB.

Unloading 13 unused Assets to reduce memory usage. Loaded Objects now: 2448.
Total: 2.344800 ms (FindLiveObjects: 0.528100 ms CreateObjectMapping: 0.136500 ms MarkObjects: 1.585100 ms  DeleteObjects: 0.094000 ms)

========================================================================
Received Prepare
Registering precompiled user dll's ...
Registered in 0.000945 seconds.
Begin MonoManager ReloadAssembly
Native extension for WindowsStandalone target not found
Refreshing native plugins compatible for Editor in 0.46 ms, found 1 plugins.
Preloading 0 native plugins for Editor in 0.00 ms.
Mono: successfully reloaded assembly
- Completed reload, in  0.835 seconds
Platform modules already initialized, skipping
Refreshing native plugins compatible for Editor in 0.46 ms, found 1 plugins.
Preloading 0 native plugins for Editor in 0.00 ms.
Unloading 1971 Unused Serialized files (Serialized files now loaded: 0)
System memory in use before: 95.2 MB.
System memory in use after: 95.2 MB.

Unloading 13 unused Assets to reduce memory usage. Loaded Objects now: 2451.
Total: 1.967700 ms (FindLiveObjects: 0.183700 ms CreateObjectMapping: 0.071700 ms MarkObjects: 1.622200 ms  DeleteObjects: 0.089300 ms)

========================================================================
Received Prepare
Registering precompiled user dll's ...
Registered in 0.001100 seconds.
Begin MonoManager ReloadAssembly
Native extension for WindowsStandalone target not found
Refreshing native plugins compatible for Editor in 0.49 ms, found 1 plugins.
Preloading 0 native plugins for Editor in 0.00 ms.
Mono: successfully reloaded assembly
- Completed reload, in  0.792 seconds
Platform modules already initialized, skipping
Refreshing native plugins compatible for Editor in 0.46 ms, found 1 plugins.
Preloading 0 native plugins for Editor in 0.00 ms.
Unloading 1971 Unused Serialized files (Serialized files now loaded: 0)
System memory in use before: 95.2 MB.
System memory in use after: 95.2 MB.

Unloading 13 unused Assets to reduce memory usage. Loaded Objects now: 2454.
Total: 1.829500 ms (FindLiveObjects: 0.171500 ms CreateObjectMapping: 0.068700 ms MarkObjects: 1.495800 ms  DeleteObjects: 0.092600 ms)

========================================================================
Received Import Request.
  Time since last request: 103.176837 seconds.
  path: Assets/Square.prefab
  artifactKey: Guid(77be841ba4df6544e85676e137329507) Importer(815301076,1909f56bfc062723c751e8b465ee728b)
Start importing Assets/Square.prefab using Guid(77be841ba4df6544e85676e137329507) Importer(815301076,1909f56bfc062723c751e8b465ee728b)  -> (artifact id: '4924e70efb6a54508e4e03e27e428e9e') in 0.049405 seconds
  Import took 0.052595 seconds .

========================================================================
Received Prepare
Registering precompiled user dll's ...
Registered in 0.000958 seconds.
Begin MonoManager ReloadAssembly
Native extension for WindowsStandalone target not found
Refreshing native plugins compatible for Editor in 0.50 ms, found 1 plugins.
Preloading 0 native plugins for Editor in 0.00 ms.
Mono: successfully reloaded assembly
- Completed reload, in  0.869 seconds
Platform modules already initialized, skipping
Refreshing native plugins compatible for Editor in 0.85 ms, found 1 plugins.
Preloading 0 native plugins for Editor in 0.00 ms.
Unloading 1971 Unused Serialized files (Serialized files now loaded: 0)
System memory in use before: 95.2 MB.
System memory in use after: 95.2 MB.

Unloading 13 unused Assets to reduce memory usage. Loaded Objects now: 2458.
Total: 2.662000 ms (FindLiveObjects: 0.331200 ms CreateObjectMapping: 0.112100 ms MarkObjects: 2.064100 ms  DeleteObjects: 0.153000 ms)

========================================================================
Received Import Request.
  Time since last request: 7.833286 seconds.
  path: Assets/Square.prefab
  artifactKey: Guid(77be841ba4df6544e85676e137329507) Importer(815301076,1909f56bfc062723c751e8b465ee728b)
Start importing Assets/Square.prefab using Guid(77be841ba4df6544e85676e137329507) Importer(815301076,1909f56bfc062723c751e8b465ee728b)  -> (artifact id: 'ba6261e2e808eb092ee82e04e0126281') in 0.061441 seconds
  Import took 0.065084 seconds .

========================================================================
Received Prepare
Registering precompiled user dll's ...
Registered in 0.000963 seconds.
Begin MonoManager ReloadAssembly
Native extension for WindowsStandalone target not found
Refreshing native plugins compatible for Editor in 0.47 ms, found 1 plugins.
Preloading 0 native plugins for Editor in 0.00 ms.
Mono: successfully reloaded assembly
- Completed reload, in  0.834 seconds
Platform modules already initialized, skipping
Refreshing native plugins compatible for Editor in 0.49 ms, found 1 plugins.
Preloading 0 native plugins for Editor in 0.00 ms.
Unloading 1971 Unused Serialized files (Serialized files now loaded: 0)
System memory in use before: 95.2 MB.
System memory in use after: 95.2 MB.

Unloading 13 unused Assets to reduce memory usage. Loaded Objects now: 2462.
Total: 2.117600 ms (FindLiveObjects: 0.181300 ms CreateObjectMapping: 0.063600 ms MarkObjects: 1.766800 ms  DeleteObjects: 0.104900 ms)

========================================================================
Received Prepare
Registering precompiled user dll's ...
Registered in 0.000981 seconds.
Begin MonoManager ReloadAssembly
Native extension for WindowsStandalone target not found
Refreshing native plugins compatible for Editor in 0.48 ms, found 1 plugins.
Preloading 0 native plugins for Editor in 0.00 ms.
Mono: successfully reloaded assembly
- Completed reload, in  0.851 seconds
Platform modules already initialized, skipping
Refreshing native plugins compatible for Editor in 0.49 ms, found 1 plugins.
Preloading 0 native plugins for Editor in 0.00 ms.
Unloading 1971 Unused Serialized files (Serialized files now loaded: 0)
System memory in use before: 95.3 MB.
System memory in use after: 95.2 MB.

Unloading 13 unused Assets to reduce memory usage. Loaded Objects now: 2465.
Total: 1.951500 ms (FindLiveObjects: 0.191400 ms CreateObjectMapping: 0.076200 ms MarkObjects: 1.575500 ms  DeleteObjects: 0.107000 ms)

========================================================================
Received Prepare
Registering precompiled user dll's ...
Registered in 0.001147 seconds.
Begin MonoManager ReloadAssembly
Native extension for WindowsStandalone target not found
Refreshing native plugins compatible for Editor in 0.54 ms, found 1 plugins.
Preloading 0 native plugins for Editor in 0.00 ms.
Mono: successfully reloaded assembly
- Completed reload, in  0.913 seconds
Platform modules already initialized, skipping
Refreshing native plugins compatible for Editor in 0.48 ms, found 1 plugins.
Preloading 0 native plugins for Editor in 0.00 ms.
Unloading 1971 Unused Serialized files (Serialized files now loaded: 0)
System memory in use before: 95.3 MB.
System memory in use after: 95.2 MB.

Unloading 13 unused Assets to reduce memory usage. Loaded Objects now: 2468.
Total: 2.807800 ms (FindLiveObjects: 0.428800 ms CreateObjectMapping: 0.188500 ms MarkObjects: 2.047200 ms  DeleteObjects: 0.140900 ms)

========================================================================
Received Prepare
Registering precompiled user dll's ...
Registered in 0.000997 seconds.
Begin MonoManager ReloadAssembly
Native extension for WindowsStandalone target not found
Refreshing native plugins compatible for Editor in 0.73 ms, found 1 plugins.
Preloading 0 native plugins for Editor in 0.00 ms.
Mono: successfully reloaded assembly
- Completed reload, in  0.824 seconds
Platform modules already initialized, skipping
Refreshing native plugins compatible for Editor in 0.48 ms, found 1 plugins.
Preloading 0 native plugins for Editor in 0.00 ms.
Unloading 1971 Unused Serialized files (Serialized files now loaded: 0)
System memory in use before: 95.3 MB.
System memory in use after: 95.3 MB.

Unloading 13 unused Assets to reduce memory usage. Loaded Objects now: 2471.
Total: 1.906600 ms (FindLiveObjects: 0.184300 ms CreateObjectMapping: 0.055300 ms MarkObjects: 1.568900 ms  DeleteObjects: 0.097100 ms)

========================================================================
Received Prepare
Registering precompiled user dll's ...
Registered in 0.000973 seconds.
Begin MonoManager ReloadAssembly
Native extension for WindowsStandalone target not found
Refreshing native plugins compatible for Editor in 0.47 ms, found 1 plugins.
Preloading 0 native plugins for Editor in 0.00 ms.
Mono: successfully reloaded assembly
- Completed reload, in  0.838 seconds
Platform modules already initialized, skipping
Refreshing native plugins compatible for Editor in 0.48 ms, found 1 plugins.
Preloading 0 native plugins for Editor in 0.00 ms.
Unloading 1971 Unused Serialized files (Serialized files now loaded: 0)
System memory in use before: 95.3 MB.
System memory in use after: 95.3 MB.

Unloading 13 unused Assets to reduce memory usage. Loaded Objects now: 2474.
Total: 1.996600 ms (FindLiveObjects: 0.190200 ms CreateObjectMapping: 0.069000 ms MarkObjects: 1.627800 ms  DeleteObjects: 0.108000 ms)

========================================================================
Received Prepare
Registering precompiled user dll's ...
Registered in 0.000991 seconds.
Begin MonoManager ReloadAssembly
Native extension for WindowsStandalone target not found
Refreshing native plugins compatible for Editor in 0.73 ms, found 1 plugins.
Preloading 0 native plugins for Editor in 0.00 ms.
Mono: successfully reloaded assembly
- Completed reload, in  0.848 seconds
Platform modules already initialized, skipping
Refreshing native plugins compatible for Editor in 0.48 ms, found 1 plugins.
Preloading 0 native plugins for Editor in 0.00 ms.
Unloading 1971 Unused Serialized files (Serialized files now loaded: 0)
System memory in use before: 95.3 MB.
System memory in use after: 95.3 MB.

Unloading 13 unused Assets to reduce memory usage. Loaded Objects now: 2477.
Total: 2.240500 ms (FindLiveObjects: 0.258400 ms CreateObjectMapping: 0.112600 ms MarkObjects: 1.757800 ms  DeleteObjects: 0.110100 ms)

========================================================================
Received Prepare
Registering precompiled user dll's ...
Registered in 0.001607 seconds.
Begin MonoManager ReloadAssembly
Native extension for WindowsStandalone target not found
Refreshing native plugins compatible for Editor in 0.56 ms, found 1 plugins.
Preloading 0 native plugins for Editor in 0.00 ms.
Mono: successfully reloaded assembly
- Completed reload, in  0.919 seconds
Platform modules already initialized, skipping
Refreshing native plugins compatible for Editor in 0.46 ms, found 1 plugins.
Preloading 0 native plugins for Editor in 0.00 ms.
Unloading 1971 Unused Serialized files (Serialized files now loaded: 0)
System memory in use before: 95.3 MB.
System memory in use after: 95.3 MB.

Unloading 13 unused Assets to reduce memory usage. Loaded Objects now: 2480.
Total: 2.128200 ms (FindLiveObjects: 0.251000 ms CreateObjectMapping: 0.087800 ms MarkObjects: 1.680700 ms  DeleteObjects: 0.107200 ms)

========================================================================
Received Prepare
Registering precompiled user dll's ...
Registered in 0.000964 seconds.
Begin MonoManager ReloadAssembly
Native extension for WindowsStandalone target not found
Refreshing native plugins compatible for Editor in 0.47 ms, found 1 plugins.
Preloading 0 native plugins for Editor in 0.00 ms.
Mono: successfully reloaded assembly
- Completed reload, in  0.844 seconds
Platform modules already initialized, skipping
Refreshing native plugins compatible for Editor in 0.46 ms, found 1 plugins.
Preloading 0 native plugins for Editor in 0.00 ms.
Unloading 1971 Unused Serialized files (Serialized files now loaded: 0)
System memory in use before: 95.3 MB.
System memory in use after: 95.3 MB.

Unloading 13 unused Assets to reduce memory usage. Loaded Objects now: 2483.
Total: 1.957400 ms (FindLiveObjects: 0.183700 ms CreateObjectMapping: 0.055400 ms MarkObjects: 1.624000 ms  DeleteObjects: 0.093600 ms)

========================================================================
Received Prepare
Registering precompiled user dll's ...
Registered in 0.001053 seconds.
Begin MonoManager ReloadAssembly
Native extension for WindowsStandalone target not found
Refreshing native plugins compatible for Editor in 5.39 ms, found 1 plugins.
Preloading 0 native plugins for Editor in 0.00 ms.
Mono: successfully reloaded assembly
- Completed reload, in  0.838 seconds
Platform modules already initialized, skipping
Refreshing native plugins compatible for Editor in 0.50 ms, found 1 plugins.
Preloading 0 native plugins for Editor in 0.00 ms.
Unloading 1971 Unused Serialized files (Serialized files now loaded: 0)
System memory in use before: 95.3 MB.
System memory in use after: 95.3 MB.

Unloading 13 unused Assets to reduce memory usage. Loaded Objects now: 2486.
Total: 1.835700 ms (FindLiveObjects: 0.166200 ms CreateObjectMapping: 0.060600 ms MarkObjects: 1.497800 ms  DeleteObjects: 0.110100 ms)

========================================================================
Received Prepare
Registering precompiled user dll's ...
Registered in 0.001409 seconds.
Begin MonoManager ReloadAssembly
Native extension for WindowsStandalone target not found
Refreshing native plugins compatible for Editor in 0.48 ms, found 1 plugins.
Preloading 0 native plugins for Editor in 0.00 ms.
Mono: successfully reloaded assembly
- Completed reload, in  0.807 seconds
Platform modules already initialized, skipping
Refreshing native plugins compatible for Editor in 0.46 ms, found 1 plugins.
Preloading 0 native plugins for Editor in 0.00 ms.
Unloading 1971 Unused Serialized files (Serialized files now loaded: 0)
System memory in use before: 95.3 MB.
System memory in use after: 95.3 MB.

Unloading 13 unused Assets to reduce memory usage. Loaded Objects now: 2489.
Total: 1.778000 ms (FindLiveObjects: 0.167500 ms CreateObjectMapping: 0.060700 ms MarkObjects: 1.453200 ms  DeleteObjects: 0.095600 ms)

========================================================================
Received Prepare
Registering precompiled user dll's ...
Registered in 0.001203 seconds.
Begin MonoManager ReloadAssembly
Native extension for WindowsStandalone target not found
Refreshing native plugins compatible for Editor in 0.55 ms, found 1 plugins.
Preloading 0 native plugins for Editor in 0.00 ms.
Mono: successfully reloaded assembly
- Completed reload, in  0.854 seconds
Platform modules already initialized, skipping
Refreshing native plugins compatible for Editor in 0.77 ms, found 1 plugins.
Preloading 0 native plugins for Editor in 0.00 ms.
Unloading 1971 Unused Serialized files (Serialized files now loaded: 0)
System memory in use before: 95.3 MB.
System memory in use after: 95.3 MB.

Unloading 13 unused Assets to reduce memory usage. Loaded Objects now: 2492.
Total: 1.810200 ms (FindLiveObjects: 0.167300 ms CreateObjectMapping: 0.064900 ms MarkObjects: 1.476900 ms  DeleteObjects: 0.099800 ms)

========================================================================
Received Prepare
Registering precompiled user dll's ...
Registered in 0.000946 seconds.
Begin MonoManager ReloadAssembly
Native extension for WindowsStandalone target not found
Refreshing native plugins compatible for Editor in 0.45 ms, found 1 plugins.
Preloading 0 native plugins for Editor in 0.00 ms.
Mono: successfully reloaded assembly
- Completed reload, in  0.820 seconds
Platform modules already initialized, skipping
Refreshing native plugins compatible for Editor in 0.46 ms, found 1 plugins.
Preloading 0 native plugins for Editor in 0.00 ms.
Unloading 1971 Unused Serialized files (Serialized files now loaded: 0)
System memory in use before: 95.3 MB.
System memory in use after: 95.3 MB.

Unloading 13 unused Assets to reduce memory usage. Loaded Objects now: 2495.
Total: 1.808400 ms (FindLiveObjects: 0.172500 ms CreateObjectMapping: 0.072900 ms MarkObjects: 1.464400 ms  DeleteObjects: 0.097500 ms)

========================================================================
Received Prepare
Registering precompiled user dll's ...
Registered in 0.001000 seconds.
Begin MonoManager ReloadAssembly
Native extension for WindowsStandalone target not found
Refreshing native plugins compatible for Editor in 0.46 ms, found 1 plugins.
Preloading 0 native plugins for Editor in 0.00 ms.
Mono: successfully reloaded assembly
- Completed reload, in  0.805 seconds
Platform modules already initialized, skipping
Refreshing native plugins compatible for Editor in 0.48 ms, found 1 plugins.
Preloading 0 native plugins for Editor in 0.00 ms.
Unloading 1971 Unused Serialized files (Serialized files now loaded: 0)
System memory in use before: 95.3 MB.
System memory in use after: 95.3 MB.

Unloading 13 unused Assets to reduce memory usage. Loaded Objects now: 2498.
Total: 2.031900 ms (FindLiveObjects: 0.183800 ms CreateObjectMapping: 0.060900 ms MarkObjects: 1.685800 ms  DeleteObjects: 0.100600 ms)

========================================================================
Received Prepare
Registering precompiled user dll's ...
Registered in 0.000940 seconds.
Begin MonoManager ReloadAssembly
Native extension for WindowsStandalone target not found
Refreshing native plugins compatible for Editor in 0.45 ms, found 1 plugins.
Preloading 0 native plugins for Editor in 0.00 ms.
Mono: successfully reloaded assembly
- Completed reload, in  0.846 seconds
Platform modules already initialized, skipping
Refreshing native plugins compatible for Editor in 0.46 ms, found 1 plugins.
Preloading 0 native plugins for Editor in 0.00 ms.
Unloading 1971 Unused Serialized files (Serialized files now loaded: 0)
System memory in use before: 95.3 MB.
System memory in use after: 95.3 MB.

Unloading 13 unused Assets to reduce memory usage. Loaded Objects now: 2501.
Total: 2.178700 ms (FindLiveObjects: 0.181800 ms CreateObjectMapping: 0.072700 ms MarkObjects: 1.815800 ms  DeleteObjects: 0.107300 ms)

========================================================================
Received Prepare
Registering precompiled user dll's ...
Registered in 0.000961 seconds.
Begin MonoManager ReloadAssembly
Native extension for WindowsStandalone target not found
Refreshing native plugins compatible for Editor in 0.51 ms, found 1 plugins.
Preloading 0 native plugins for Editor in 0.00 ms.
Mono: successfully reloaded assembly
- Completed reload, in  0.828 seconds
Platform modules already initialized, skipping
Refreshing native plugins compatible for Editor in 0.48 ms, found 1 plugins.
Preloading 0 native plugins for Editor in 0.00 ms.
Unloading 1971 Unused Serialized files (Serialized files now loaded: 0)
System memory in use before: 95.4 MB.
System memory in use after: 95.3 MB.

Unloading 13 unused Assets to reduce memory usage. Loaded Objects now: 2504.
Total: 1.929400 ms (FindLiveObjects: 0.193900 ms CreateObjectMapping: 0.067100 ms MarkObjects: 1.567400 ms  DeleteObjects: 0.099900 ms)

========================================================================
Received Prepare
Registering precompiled user dll's ...
Registered in 0.000949 seconds.
Begin MonoManager ReloadAssembly
Native extension for WindowsStandalone target not found
Refreshing native plugins compatible for Editor in 0.48 ms, found 1 plugins.
Preloading 0 native plugins for Editor in 0.00 ms.
Mono: successfully reloaded assembly
- Completed reload, in  0.818 seconds
Platform modules already initialized, skipping
Refreshing native plugins compatible for Editor in 0.46 ms, found 1 plugins.
Preloading 0 native plugins for Editor in 0.00 ms.
Unloading 1971 Unused Serialized files (Serialized files now loaded: 0)
System memory in use before: 95.4 MB.
System memory in use after: 95.3 MB.

Unloading 13 unused Assets to reduce memory usage. Loaded Objects now: 2507.
Total: 1.778700 ms (FindLiveObjects: 0.170800 ms CreateObjectMapping: 0.063200 ms MarkObjects: 1.447600 ms  DeleteObjects: 0.095900 ms)

========================================================================
Received Prepare
Registering precompiled user dll's ...
Registered in 0.001033 seconds.
Begin MonoManager ReloadAssembly
Native extension for WindowsStandalone target not found
Refreshing native plugins compatible for Editor in 0.79 ms, found 1 plugins.
Preloading 0 native plugins for Editor in 0.00 ms.
Mono: successfully reloaded assembly
- Completed reload, in  0.932 seconds
Platform modules already initialized, skipping
Refreshing native plugins compatible for Editor in 0.50 ms, found 1 plugins.
Preloading 0 native plugins for Editor in 0.00 ms.
Unloading 1971 Unused Serialized files (Serialized files now loaded: 0)
System memory in use before: 95.4 MB.
System memory in use after: 95.4 MB.

Unloading 13 unused Assets to reduce memory usage. Loaded Objects now: 2510.
Total: 2.101500 ms (FindLiveObjects: 0.183300 ms CreateObjectMapping: 0.055700 ms MarkObjects: 1.753700 ms  DeleteObjects: 0.107900 ms)

========================================================================
Received Prepare
Registering precompiled user dll's ...
Registered in 0.001402 seconds.
Begin MonoManager ReloadAssembly
Native extension for WindowsStandalone target not found
Refreshing native plugins compatible for Editor in 0.47 ms, found 1 plugins.
Preloading 0 native plugins for Editor in 0.00 ms.
Mono: successfully reloaded assembly
- Completed reload, in  0.832 seconds
Platform modules already initialized, skipping
Refreshing native plugins compatible for Editor in 0.71 ms, found 1 plugins.
Preloading 0 native plugins for Editor in 0.00 ms.
Unloading 1971 Unused Serialized files (Serialized files now loaded: 0)
System memory in use before: 95.4 MB.
System memory in use after: 95.4 MB.

Unloading 13 unused Assets to reduce memory usage. Loaded Objects now: 2513.
Total: 1.778800 ms (FindLiveObjects: 0.183800 ms CreateObjectMapping: 0.069400 ms MarkObjects: 1.411100 ms  DeleteObjects: 0.113100 ms)

========================================================================
Received Prepare
Registering precompiled user dll's ...
Registered in 0.000959 seconds.
Begin MonoManager ReloadAssembly
Native extension for WindowsStandalone target not found
Refreshing native plugins compatible for Editor in 0.84 ms, found 1 plugins.
Preloading 0 native plugins for Editor in 0.00 ms.
Mono: successfully reloaded assembly
- Completed reload, in  0.844 seconds
Platform modules already initialized, skipping
Refreshing native plugins compatible for Editor in 0.75 ms, found 1 plugins.
Preloading 0 native plugins for Editor in 0.00 ms.
Unloading 1971 Unused Serialized files (Serialized files now loaded: 0)
System memory in use before: 95.4 MB.
System memory in use after: 95.4 MB.

Unloading 13 unused Assets to reduce memory usage. Loaded Objects now: 2516.
Total: 2.063600 ms (FindLiveObjects: 0.195600 ms CreateObjectMapping: 0.053700 ms MarkObjects: 1.704200 ms  DeleteObjects: 0.109000 ms)

========================================================================
Received Prepare
Registering precompiled user dll's ...
Registered in 0.000937 seconds.
Begin MonoManager ReloadAssembly
Native extension for WindowsStandalone target not found
Refreshing native plugins compatible for Editor in 0.47 ms, found 1 plugins.
Preloading 0 native plugins for Editor in 0.00 ms.
Mono: successfully reloaded assembly
- Completed reload, in  0.823 seconds
Platform modules already initialized, skipping
Refreshing native plugins compatible for Editor in 0.49 ms, found 1 plugins.
Preloading 0 native plugins for Editor in 0.00 ms.
Unloading 1971 Unused Serialized files (Serialized files now loaded: 0)
System memory in use before: 95.4 MB.
System memory in use after: 95.4 MB.

Unloading 13 unused Assets to reduce memory usage. Loaded Objects now: 2519.
Total: 1.785800 ms (FindLiveObjects: 0.171800 ms CreateObjectMapping: 0.065700 ms MarkObjects: 1.450800 ms  DeleteObjects: 0.096600 ms)

========================================================================
Received Prepare
Registering precompiled user dll's ...
Registered in 0.000985 seconds.
Begin MonoManager ReloadAssembly
Native extension for WindowsStandalone target not found
Refreshing native plugins compatible for Editor in 0.48 ms, found 1 plugins.
Preloading 0 native plugins for Editor in 0.00 ms.
Mono: successfully reloaded assembly
- Completed reload, in  0.843 seconds
Platform modules already initialized, skipping
Refreshing native plugins compatible for Editor in 0.48 ms, found 1 plugins.
Preloading 0 native plugins for Editor in 0.00 ms.
Unloading 1971 Unused Serialized files (Serialized files now loaded: 0)
System memory in use before: 95.4 MB.
System memory in use after: 95.4 MB.

Unloading 13 unused Assets to reduce memory usage. Loaded Objects now: 2522.
Total: 1.980900 ms (FindLiveObjects: 0.172800 ms CreateObjectMapping: 0.062700 ms MarkObjects: 1.639000 ms  DeleteObjects: 0.105200 ms)

========================================================================
Received Prepare
Registering precompiled user dll's ...
Registered in 0.000984 seconds.
Begin MonoManager ReloadAssembly
Native extension for WindowsStandalone target not found
Refreshing native plugins compatible for Editor in 0.57 ms, found 1 plugins.
Preloading 0 native plugins for Editor in 0.00 ms.
Mono: successfully reloaded assembly
- Completed reload, in  0.823 seconds
Platform modules already initialized, skipping
Refreshing native plugins compatible for Editor in 0.48 ms, found 1 plugins.
Preloading 0 native plugins for Editor in 0.00 ms.
Unloading 1971 Unused Serialized files (Serialized files now loaded: 0)
System memory in use before: 95.4 MB.
System memory in use after: 95.4 MB.

Unloading 13 unused Assets to reduce memory usage. Loaded Objects now: 2525.
Total: 1.858700 ms (FindLiveObjects: 0.184600 ms CreateObjectMapping: 0.071100 ms MarkObjects: 1.503900 ms  DeleteObjects: 0.098200 ms)

========================================================================
Received Prepare
Registering precompiled user dll's ...
Registered in 0.000953 seconds.
Begin MonoManager ReloadAssembly
Native extension for WindowsStandalone target not found
Refreshing native plugins compatible for Editor in 0.48 ms, found 1 plugins.
Preloading 0 native plugins for Editor in 0.00 ms.
Mono: successfully reloaded assembly
- Completed reload, in  0.887 seconds
Platform modules already initialized, skipping
Refreshing native plugins compatible for Editor in 0.49 ms, found 1 plugins.
Preloading 0 native plugins for Editor in 0.00 ms.
Unloading 1971 Unused Serialized files (Serialized files now loaded: 0)
System memory in use before: 95.4 MB.
System memory in use after: 95.4 MB.

Unloading 13 unused Assets to reduce memory usage. Loaded Objects now: 2528.
Total: 2.313300 ms (FindLiveObjects: 0.190800 ms CreateObjectMapping: 0.096800 ms MarkObjects: 1.897800 ms  DeleteObjects: 0.126500 ms)

========================================================================
Received Prepare
Registering precompiled user dll's ...
Registered in 0.001421 seconds.
Begin MonoManager ReloadAssembly
Native extension for WindowsStandalone target not found
Refreshing native plugins compatible for Editor in 0.51 ms, found 1 plugins.
Preloading 0 native plugins for Editor in 0.00 ms.
Mono: successfully reloaded assembly
- Completed reload, in  0.813 seconds
Platform modules already initialized, skipping
Refreshing native plugins compatible for Editor in 0.48 ms, found 1 plugins.
Preloading 0 native plugins for Editor in 0.00 ms.
Unloading 1971 Unused Serialized files (Serialized files now loaded: 0)
System memory in use before: 95.4 MB.
System memory in use after: 95.4 MB.

Unloading 13 unused Assets to reduce memory usage. Loaded Objects now: 2531.
Total: 1.875000 ms (FindLiveObjects: 0.204100 ms CreateObjectMapping: 0.080700 ms MarkObjects: 1.484300 ms  DeleteObjects: 0.105000 ms)

========================================================================
Received Prepare
Registering precompiled user dll's ...
Registered in 0.001020 seconds.
Begin MonoManager ReloadAssembly
Native extension for WindowsStandalone target not found
Refreshing native plugins compatible for Editor in 0.58 ms, found 1 plugins.
Preloading 0 native plugins for Editor in 0.00 ms.
Mono: successfully reloaded assembly
- Completed reload, in  0.817 seconds
Platform modules already initialized, skipping
Refreshing native plugins compatible for Editor in 0.51 ms, found 1 plugins.
Preloading 0 native plugins for Editor in 0.00 ms.
Unloading 1971 Unused Serialized files (Serialized files now loaded: 0)
System memory in use before: 95.4 MB.
System memory in use after: 95.4 MB.

Unloading 13 unused Assets to reduce memory usage. Loaded Objects now: 2534.
Total: 2.120900 ms (FindLiveObjects: 0.180500 ms CreateObjectMapping: 0.065500 ms MarkObjects: 1.768400 ms  DeleteObjects: 0.105200 ms)

AssetImportWorkerClient::OnTransportError - code=2 error=End of file
